Arguments: 
  /Users/hb/.nvm/versions/node/v19.4.0/bin/node /Users/hb/.nvm/versions/node/v19.4.0/bin/yarn start

PATH: 
  /opt/homebrew/opt/openssl@3/bin:/Users/hb/.local/bin:/Users/hb/.nvm/versions/node/v19.4.0/bin:/opt/homebrew/bin:/opt/homebrew/sbin:/usr/local/bin:/usr/bin:/bin:/usr/sbin:/sbin:/opt/homebrew/opt/openssl@3/bin:/Users/hb/.local/bin:/Users/hb/.nvm/versions/node/v19.4.0/bin:/opt/homebrew/bin:/opt/homebrew/sbin:/Users/hb/.cargo/bin

Yarn version: 
  1.22.19

Node version: 
  19.4.0

Platform: 
  darwin arm64

Trace: 
  SyntaxError: /Users/hb/Documents/GitHub/speed_test/kafka/node-producer/package.json: Expected double-quoted property name in JSON at position 341
      at JSON.parse (<anonymous>)
      at /Users/hb/.nvm/versions/node/v19.4.0/lib/node_modules/yarn/lib/cli.js:1629:59
      at Generator.next (<anonymous>)
      at step (/Users/hb/.nvm/versions/node/v19.4.0/lib/node_modules/yarn/lib/cli.js:310:30)
      at /Users/hb/.nvm/versions/node/v19.4.0/lib/node_modules/yarn/lib/cli.js:321:13

npm manifest: 
  {
    "name": "producer",
    "version": "1.0.0",
    "description": "",
    "main": "index.js",
    "scripts": {
      "test": "echo \"Error: no test specified\" && exit 1",
      "start": "tsc && node dist/index.js"
    },
    "keywords": [],
    "author": "",
    "license": "ISC",
    "dependencies": {
      "kafkajs": "^2.2.3"
    },
    "module": "dist/index.js",
  }

yarn manifest: 
  No manifest

Lockfile: 
  # THIS IS AN AUTOGENERATED FILE. DO NOT EDIT THIS FILE DIRECTLY.
  # yarn lockfile v1
  
  
  kafkajs@^2.2.3:
    version "2.2.3"
    resolved "https://registry.yarnpkg.com/kafkajs/-/kafkajs-2.2.3.tgz#a1ab1b7c4a27699871a89b3978b5cfe5b05c6f3e"
    integrity sha512-JmzIiLHE/TdQ7b4I2B/DNMtfhTh66fmEaEg7gGkyQXBC6f1A7I2jSjeUsVIJfC8d9YcEIURyBjtOEKBO5OHVhg==
